0 info it worked if it ends with ok
1 verbose cli [ '/usr/local/bin/node',
1 verbose cli   '/usr/local/bin/npm',
1 verbose cli   'run',
1 verbose cli   'build:watch' ]
2 info using npm@3.10.8
3 info using node@v6.9.1
4 verbose run-script [ 'prebuild:watch', 'build:watch', 'postbuild:watch' ]
5 info lifecycle dylang@1.0.0~prebuild:watch: dylang@1.0.0
6 silly lifecycle dylang@1.0.0~prebuild:watch: no script for prebuild:watch, continuing
7 info lifecycle dylang@1.0.0~build:watch: dylang@1.0.0
8 verbose lifecycle dylang@1.0.0~build:watch: unsafe-perm in lifecycle true
9 verbose lifecycle dylang@1.0.0~build:watch: PATH: /usr/local/lib/node_modules/npm/bin/node-gyp-bin:/Users/dpaulus/Desktop/DyLang/node_modules/.bin:/usr/bin:/bin:/usr/sbin:/sbin:/usr/local/bin:/usr/local/share/dotnet:/usr/local/go/bin:/Library/Frameworks/Mono.framework/Versions/Current/Commands:/Users/dpaulus/.opam/system/bin
10 verbose lifecycle dylang@1.0.0~build:watch: CWD: /Users/dpaulus/Desktop/DyLang
11 silly lifecycle dylang@1.0.0~build:watch: Args: [ '-c', 'rollup -c --watch' ]
12 silly lifecycle dylang@1.0.0~build:watch: Returned: code: 1  signal: null
13 info lifecycle dylang@1.0.0~build:watch: Failed to exec build:watch script
14 verbose stack Error: dylang@1.0.0 build:watch: `rollup -c --watch`
14 verbose stack Exit status 1
14 verbose stack     at EventEmitter.<anonymous> (/usr/local/lib/node_modules/npm/lib/utils/lifecycle.js:255:16)
14 verbose stack     at emitTwo (events.js:106:13)
14 verbose stack     at EventEmitter.emit (events.js:191:7)
14 verbose stack     at ChildProcess.<anonymous> (/usr/local/lib/node_modules/npm/lib/utils/spawn.js:40:14)
14 verbose stack     at emitTwo (events.js:106:13)
14 verbose stack     at ChildProcess.emit (events.js:191:7)
14 verbose stack     at maybeClose (internal/child_process.js:877:16)
14 verbose stack     at Process.ChildProcess._handle.onexit (internal/child_process.js:226:5)
15 verbose pkgid dylang@1.0.0
16 verbose cwd /Users/dpaulus/Desktop/DyLang
17 error Darwin 16.6.0
18 error argv "/usr/local/bin/node" "/usr/local/bin/npm" "run" "build:watch"
19 error node v6.9.1
20 error npm  v3.10.8
21 error code ELIFECYCLE
22 error dylang@1.0.0 build:watch: `rollup -c --watch`
22 error Exit status 1
23 error Failed at the dylang@1.0.0 build:watch script 'rollup -c --watch'.
23 error Make sure you have the latest version of node.js and npm installed.
23 error If you do, this is most likely a problem with the dylang package,
23 error not with npm itself.
23 error Tell the author that this fails on your system:
23 error     rollup -c --watch
23 error You can get information on how to open an issue for this project with:
23 error     npm bugs dylang
23 error Or if that isn't available, you can get their info via:
23 error     npm owner ls dylang
23 error There is likely additional logging output above.
24 verbose exit [ 1, true ]
